<?xml version="1.0" encoding="UTF-8"?>
<!-- Generated by org.testng.reporters.JUnitReportReporter -->
<testsuite hostname="SGERGOVA" name="com.skrill.interns.MatrixCalculator.matrix.TestMatrix" tests="1" failures="0" timestamp="9 Jul 2013 09:24:36 GMT" time="0.011" errors="0">
  <testcase name="givenArrayOfBigDecimalWhenGetColThenReturnCol" time="0.011" classname="com.skrill.interns.MatrixCalculator.matrix.TestMatrix"/>
</testsuite> <!-- com.skrill.interns.MatrixCalculator.matrix.TestMatrix -->
