<?xml version="1.0" encoding="UTF-8"?>
<!-- Generated by org.testng.reporters.JUnitReportReporter -->
<testsuite hostname="SGERGOVA" name="com.skrill.interns.converter.ContentTest" tests="3" failures="0" timestamp="19 Jul 2013 14:13:05 GMT" time="0.009" errors="0">
  <testcase name="givenAddingSomeTextWhenCallingMethodGetResultPageThenStringContainsFirstString" time="0.006" classname="com.skrill.interns.converter.ContentTest"/>
  <testcase name="givenWhenThen" time="0.001" classname="com.skrill.interns.converter.ContentTest"/>
  <testcase name="givenHtmlAsStringWhenCallingGetFormPageThenCompareResults" time="0.002" classname="com.skrill.interns.converter.ContentTest"/>
</testsuite> <!-- com.skrill.interns.converter.ContentTest -->
