<?xml version="1.0" encoding="UTF-8"?>
<!-- Generated by org.testng.reporters.JUnitReportReporter -->
<testsuite hostname="SGERGOVA" name="com.skrill.interns.unit_test.calculator.CalculatorTest" tests="10" failures="0" timestamp="9 Jul 2013 08:11:42 GMT" time="0.021" errors="0">
  <testcase name="givenDelimitersFromAnyLenghtAndFormatWhenCallingAddMethodThen6" time="0.006" classname="com.skrill.interns.unit_test.calculator.CalculatorTest"/>
  <testcase name="givenMultipleDelimitersWhenCallingAddMethodThen15" time="0.002" classname="com.skrill.interns.unit_test.calculator.CalculatorTest"/>
  <testcase name="givenNegativeNumbersWhenCallingAddMethod" time="0.005" classname="com.skrill.interns.unit_test.calculator.CalculatorTest"/>
  <testcase name="givenOneNotEmptyStringWhenCallingAddMethodThen2" time="0.003" classname="com.skrill.interns.unit_test.calculator.CalculatorTest"/>
  <testcase name="givenTwoNotEmptyStringsWhenCallingAddMethodThen5" time="0.001" classname="com.skrill.interns.unit_test.calculator.CalculatorTest"/>
  <testcase name="givenNumberBiggerThan1000WhenCallingAddMethodThen4" time="0.001" classname="com.skrill.interns.unit_test.calculator.CalculatorTest"/>
  <testcase name="givenNewLineDelimiterWhenCallingAddMethodThen10" time="0.001" classname="com.skrill.interns.unit_test.calculator.CalculatorTest"/>
  <testcase name="givenDifferentDelimitersWhenCallingAddMethodThen3" time="0.001" classname="com.skrill.interns.unit_test.calculator.CalculatorTest"/>
  <testcase name="givenMoreThanTwoNumbersWhenCallingAddMethodThen20" time="0.001" classname="com.skrill.interns.unit_test.calculator.CalculatorTest"/>
  <testcase name="givenEmptyStringWhenCallingAddMethodThenZero" time="0.000" classname="com.skrill.interns.unit_test.calculator.CalculatorTest"/>
</testsuite> <!-- com.skrill.interns.unit_test.calculator.CalculatorTest -->
