<?xml version="1.0" encoding="UTF-8"?>
<!-- Generated by org.testng.reporters.JUnitReportReporter -->
<testsuite hostname="SGERGOVA" name="StringCalculator.stringcal.TestEightTask" tests="1" failures="0" timestamp="27 Aug 2013 10:55:24 GMT" time="0.013" errors="0">
  <testcase name="givenMultipleDelimetersInFirstLineWhenAddMethodThenSumByThem" time="0.013" classname="StringCalculator.stringcal.TestEightTask"/>
</testsuite> <!-- StringCalculator.stringcal.TestEightTask -->
