<?xml version="1.0" encoding="UTF-8"?>
<!-- Generated by org.testng.reporters.JUnitReportReporter -->
<testsuite hostname="SGERGOVA" name="com.skrill.interns.converter.ContentTest" tests="1" failures="0" timestamp="22 Jul 2013 10:36:10 GMT" time="0.027" errors="0">
  <testcase name="givenSomeStringWhenCallingGetStatisticsPageWithThisStringThenResultStringContainsFirstString" time="0.027" classname="com.skrill.interns.converter.ContentTest"/>
</testsuite> <!-- com.skrill.interns.converter.ContentTest -->
